0 info it worked if it ends with ok
1 verbose cli [ '/Users/student_35/.nvm/versions/node/v7.7.4/bin/node',
1 verbose cli   '/Users/student_35/.nvm/versions/node/v7.7.4/bin/npm',
1 verbose cli   'install',
1 verbose cli   '--save',
1 verbose cli   '.env' ]
2 info using npm@4.1.2
3 info using node@v7.7.4
4 silly loadCurrentTree Starting
5 silly install loadCurrentTree
6 silly install readLocalPackageData
7 silly fetchPackageMetaData .env
8 silly fetchOtherPackageData .env
9 silly cache add args [ '.env', null ]
10 verbose cache add spec .env
11 silly cache add parsed spec Result {
11 silly cache add   raw: '.env',
11 silly cache add   scope: null,
11 silly cache add   escapedName: null,
11 silly cache add   name: null,
11 silly cache add   rawSpec: '.env',
11 silly cache add   spec: '/Users/student_35/GA/projects/Unit03/Project3/.env',
11 silly cache add   type: 'local' }
12 silly addLocalTarball shasum (computed) d0d320239dcf0ca17f1ed7ec56b1ee1a9c58ff1e
13 verbose addTmpTarball /Users/student_35/GA/projects/Unit03/Project3/.env not in flight; adding
14 verbose correctMkdir /Users/student_35/.npm correctMkdir not in flight; initializing
15 verbose addTmpTarball validating metadata from /Users/student_35/GA/projects/Unit03/Project3/.env
16 verbose tar unpack /Users/student_35/GA/projects/Unit03/Project3/.env
17 verbose tar unpacking to /var/folders/_k/z84mmyq972z5z40rwhhx358c0000gp/T/npm-32527-865579e8/unpack-825bc520
18 silly gentlyRm /var/folders/_k/z84mmyq972z5z40rwhhx358c0000gp/T/npm-32527-865579e8/unpack-825bc520 is being purged
19 verbose gentlyRm don't care about contents; nuking /var/folders/_k/z84mmyq972z5z40rwhhx358c0000gp/T/npm-32527-865579e8/unpack-825bc520
20 silly gunzTarPerm modes [ '755', '644' ]
21 error not a package /Users/student_35/GA/projects/Unit03/Project3/.env
22 error addLocal Could not install /Users/student_35/GA/projects/Unit03/Project3/.env
23 silly fetchPackageMetaData Error: ENOENT: no such file or directory, open '/var/folders/_k/z84mmyq972z5z40rwhhx358c0000gp/T/npm-32527-865579e8/unpack-825bc520/package.json'
23 silly fetchPackageMetaData  error for .env { Error: ENOENT: no such file or directory, open '/var/folders/_k/z84mmyq972z5z40rwhhx358c0000gp/T/npm-32527-865579e8/unpack-825bc520/package.json'
23 silly fetchPackageMetaData   errno: -2,
23 silly fetchPackageMetaData   code: 'ENOENT',
23 silly fetchPackageMetaData   syscall: 'open',
23 silly fetchPackageMetaData   path: '/var/folders/_k/z84mmyq972z5z40rwhhx358c0000gp/T/npm-32527-865579e8/unpack-825bc520/package.json' }
24 silly rollbackFailedOptional Starting
25 silly rollbackFailedOptional Finishing
26 silly runTopLevelLifecycles Finishing
27 silly install printInstalled
28 verbose stack Error: ENOENT: no such file or directory, open '/var/folders/_k/z84mmyq972z5z40rwhhx358c0000gp/T/npm-32527-865579e8/unpack-825bc520/package.json'
29 verbose cwd /Users/student_35/GA/projects/Unit03/Project3
30 error Darwin 15.6.0
31 error argv "/Users/student_35/.nvm/versions/node/v7.7.4/bin/node" "/Users/student_35/.nvm/versions/node/v7.7.4/bin/npm" "install" "--save" ".env"
32 error node v7.7.4
33 error npm  v4.1.2
34 error path /var/folders/_k/z84mmyq972z5z40rwhhx358c0000gp/T/npm-32527-865579e8/unpack-825bc520/package.json
35 error code ENOENT
36 error errno -2
37 error syscall open
38 error enoent ENOENT: no such file or directory, open '/var/folders/_k/z84mmyq972z5z40rwhhx358c0000gp/T/npm-32527-865579e8/unpack-825bc520/package.json'
39 error enoent ENOENT: no such file or directory, open '/var/folders/_k/z84mmyq972z5z40rwhhx358c0000gp/T/npm-32527-865579e8/unpack-825bc520/package.json'
39 error enoent This is most likely not a problem with npm itself
39 error enoent and is related to npm not being able to find a file.
40 verbose exit [ -2, true ]
